<?xml version="1.0" encoding="UTF-8"?>
<!-- Generated by org.testng.reporters.JUnitReportReporter -->
<testsuite hostname="JP" failures="0" tests="2" name="QA.MAVEN.restapiTest" time="0.002" errors="0" timestamp="2022-01-06T21:47:07 IST" skipped="0">
  <testcase classname="QA.MAVEN.restapiTest" name="restapitest2" time="0.001"/>
  <system-out/>
  <testcase classname="QA.MAVEN.restapiTest" name="restapitest1" time="0.001"/>
  <system-out/>
</testsuite> <!-- QA.MAVEN.restapiTest -->
