<?xml version="1.0" encoding="UTF-8"?>
<!-- Generated by org.testng.reporters.JUnitReportReporter -->
<testsuite hostname="JP" failures="0" tests="2" name="QA.MAVEN.apiumTest" time="0.046" errors="0" timestamp="2022-01-06T22:10:17 IST" skipped="0">
  <testcase classname="QA.MAVEN.apiumTest" name="apiumtest1" time="0.042"/>
  <system-out/>
  <testcase classname="QA.MAVEN.apiumTest" name="apiumtest2" time="0.004"/>
  <system-out/>
</testsuite> <!-- QA.MAVEN.apiumTest -->
